<?xml version="1.0" encoding="UTF-8"?>
<!-- Generated by org.testng.reporters.JUnitReportReporter -->
<testsuite hostname="BGL104202" name="CucumberRunner" tests="1"
	failures="0" timestamp="15 Jun 2017 07:48:46 GMT" time="830.401"
	errors="0">
	<testcase name="feature" time="830.401" classname="CucumberRunner" />
</testsuite> <!-- CucumberRunner -->
