<?xml version="1.0" encoding="UTF-8"?>
<!-- Generated by org.testng.reporters.JUnitReportReporter -->
<testsuite hostname="FD.local" name="CucumberRunnerTestNgTest"
	tests="1" failures="0" timestamp="13 Jul 2017 11:36:24 GMT" time="95.894"
	errors="0">
	<testcase name="feature" time="95.894" classname="CucumberRunnerTestNgTest" />
</testsuite> <!-- CucumberRunnerTestNgTest -->
