<?xml version="1.0" encoding="UTF-8"?>
<!-- Generated by org.testng.reporters.JUnitReportReporter -->
<testsuite hostname="BGL104202" name="javapractice.TestNgAnnotation"
	tests="3" failures="0" timestamp="16 May 2017 08:05:41 GMT" time="0.011"
	errors="0">
	<testcase name="testCase01" time="0.008"
		classname="javapractice.TestNgAnnotation" />
	<testcase name="testCase03" time="0.001"
		classname="javapractice.TestNgAnnotation" />
	<testcase name="testCase02" time="0.002"
		classname="javapractice.TestNgAnnotation" />
</testsuite> <!-- javapractice.TestNgAnnotation -->
